<?xml version="1.0" encoding="UTF-8"?>
<testsuite xmlns:xsi="http://www.w3.org/2001/XMLSchema-instance" xsi:noNamespaceSchemaLocation="https://maven.apache.org/surefire/maven-surefire-plugin/xsd/surefire-test-report-3.0.xsd" version="3.0" name="max.carol.LuzesTest" time="1.052" tests="9" errors="0" skipped="0" failures="0">
  <properties>
    <property name="java.specification.version" value="21"/>
    <property name="sun.jnu.encoding" value="UTF-8"/>
    <property name="java.class.path" value="/app/target/test-classes:/app/target/classes:/root/.m2/repository/org/junit/jupiter/junit-jupiter/5.13.0-M2/junit-jupiter-5.13.0-M2.jar:/root/.m2/repository/org/junit/jupiter/junit-jupiter-api/5.13.0-M2/junit-jupiter-api-5.13.0-M2.jar:/root/.m2/repository/org/opentest4j/opentest4j/1.3.0/opentest4j-1.3.0.jar:/root/.m2/repository/org/junit/platform/junit-platform-commons/1.13.0-M2/junit-platform-commons-1.13.0-M2.jar:/root/.m2/repository/org/apiguardian/apiguardian-api/1.1.2/apiguardian-api-1.1.2.jar:/root/.m2/repository/org/junit/jupiter/junit-jupiter-params/5.13.0-M2/junit-jupiter-params-5.13.0-M2.jar:/root/.m2/repository/org/junit/jupiter/junit-jupiter-engine/5.13.0-M2/junit-jupiter-engine-5.13.0-M2.jar:/root/.m2/repository/org/junit/platform/junit-platform-engine/1.13.0-M2/junit-platform-engine-1.13.0-M2.jar:"/>
    <property name="java.vm.vendor" value="Eclipse Adoptium"/>
    <property name="sun.arch.data.model" value="64"/>
    <property name="java.vendor.url" value="https://adoptium.net/"/>
    <property name="os.name" value="Linux"/>
    <property name="java.vm.specification.version" value="21"/>
    <property name="sun.java.launcher" value="SUN_STANDARD"/>
    <property name="user.country" value="US"/>
    <property name="sun.boot.library.path" value="/opt/java/openjdk/lib"/>
    <property name="sun.java.command" value="/app/target/surefire/surefirebooter-20250519231501629_3.jar /app/target/surefire 2025-05-19T23-15-01_387-jvmRun1 surefire-20250519231501629_1tmp surefire_0-20250519231501629_2tmp"/>
    <property name="jdk.debug" value="release"/>
    <property name="surefire.test.class.path" value="/app/target/test-classes:/app/target/classes:/root/.m2/repository/org/junit/jupiter/junit-jupiter/5.13.0-M2/junit-jupiter-5.13.0-M2.jar:/root/.m2/repository/org/junit/jupiter/junit-jupiter-api/5.13.0-M2/junit-jupiter-api-5.13.0-M2.jar:/root/.m2/repository/org/opentest4j/opentest4j/1.3.0/opentest4j-1.3.0.jar:/root/.m2/repository/org/junit/platform/junit-platform-commons/1.13.0-M2/junit-platform-commons-1.13.0-M2.jar:/root/.m2/repository/org/apiguardian/apiguardian-api/1.1.2/apiguardian-api-1.1.2.jar:/root/.m2/repository/org/junit/jupiter/junit-jupiter-params/5.13.0-M2/junit-jupiter-params-5.13.0-M2.jar:/root/.m2/repository/org/junit/jupiter/junit-jupiter-engine/5.13.0-M2/junit-jupiter-engine-5.13.0-M2.jar:/root/.m2/repository/org/junit/platform/junit-platform-engine/1.13.0-M2/junit-platform-engine-1.13.0-M2.jar:"/>
    <property name="sun.cpu.endian" value="little"/>
    <property name="user.home" value="/root"/>
    <property name="user.language" value="en"/>
    <property name="java.specification.vendor" value="Oracle Corporation"/>
    <property name="java.version.date" value="2025-04-15"/>
    <property name="java.home" value="/opt/java/openjdk"/>
    <property name="file.separator" value="/"/>
    <property name="basedir" value="/app"/>
    <property name="java.vm.compressedOopsMode" value="32-bit"/>
    <property name="line.separator" value="&#10;"/>
    <property name="java.specification.name" value="Java Platform API Specification"/>
    <property name="java.vm.specification.vendor" value="Oracle Corporation"/>
    <property name="surefire.real.class.path" value="/app/target/surefire/surefirebooter-20250519231501629_3.jar"/>
    <property name="sun.management.compiler" value="HotSpot 64-Bit Tiered Compilers"/>
    <property name="java.runtime.version" value="21.0.7+6-LTS"/>
    <property name="user.name" value="root"/>
    <property name="stdout.encoding" value="UTF-8"/>
    <property name="path.separator" value=":"/>
    <property name="os.version" value="5.15.153.1-microsoft-standard-WSL2"/>
    <property name="java.runtime.name" value="OpenJDK Runtime Environment"/>
    <property name="file.encoding" value="UTF-8"/>
    <property name="java.vm.name" value="OpenJDK 64-Bit Server VM"/>
    <property name="java.vendor.version" value="Temurin-21.0.7+6"/>
    <property name="localRepository" value="/root/.m2/repository"/>
    <property name="java.vendor.url.bug" value="https://github.com/adoptium/adoptium-support/issues"/>
    <property name="java.io.tmpdir" value="/tmp"/>
    <property name="java.version" value="21.0.7"/>
    <property name="user.dir" value="/app"/>
    <property name="os.arch" value="amd64"/>
    <property name="java.vm.specification.name" value="Java Virtual Machine Specification"/>
    <property name="native.encoding" value="UTF-8"/>
    <property name="java.library.path" value="/usr/java/packages/lib:/usr/lib64:/lib64:/lib:/usr/lib"/>
    <property name="java.vm.info" value="mixed mode, sharing"/>
    <property name="stderr.encoding" value="UTF-8"/>
    <property name="java.vendor" value="Eclipse Adoptium"/>
    <property name="java.vm.version" value="21.0.7+6-LTS"/>
    <property name="sun.io.unicode.encoding" value="UnicodeLittle"/>
    <property name="java.class.version" value="65.0"/>
  </properties>
  <testcase name="testAssertLinesMatch" classname="max.carol.LuzesTest" time="0.002"/>
  <testcase name="testAssertTimeout" classname="max.carol.LuzesTest" time="1.002"/>
  <testcase name="testLigar" classname="max.carol.LuzesTest" time="0.008">
    <system-out><![CDATA[Luzes ligadas.
]]></system-out>
  </testcase>
  <testcase name="testAssertArrayEquals" classname="max.carol.LuzesTest" time="0.002"/>
  <testcase name="testAssertThrows" classname="max.carol.LuzesTest" time="0.002"/>
  <testcase name="testAjustarIntensidade" classname="max.carol.LuzesTest" time="0.012">
    <system-out><![CDATA[Intensidade ajustada para: 90
]]></system-out>
  </testcase>
  <testcase name="testAssertNull" classname="max.carol.LuzesTest" time="0.002"/>
  <testcase name="testDesligar" classname="max.carol.LuzesTest" time="0.009">
    <system-out><![CDATA[Luzes desligadas.
]]></system-out>
  </testcase>
  <testcase name="testAssertIterableEquals" classname="max.carol.LuzesTest" time="0.002"/>
</testsuite>